2025-02-12 23:34:06,632 - INFO - Starting analysis for: bvn_comparison.csv
2025-02-12 23:34:06,649 - ERROR - Missing required columns: customer_id
2025-02-12 23:34:36,079 - INFO - Starting analysis for: bvn_comparison.csv
2025-02-12 23:34:36,789 - INFO - Created output directory: venn_diagrams
2025-02-12 23:34:36,789 - INFO - Generating 2-way Venn diagrams
2025-02-12 23:34:37,415 - INFO - Saved Venn diagram: 2way_asset-management_registrars_bvn_overlap.png
2025-02-12 23:34:37,617 - INFO - Saved Venn diagram: 2way_asset-management_securities_bvn_overlap.png
2025-02-12 23:34:37,786 - INFO - Saved Venn diagram: 2way_asset-management_trustees-digital_bvn_overlap.png
2025-02-12 23:34:37,928 - INFO - Saved Venn diagram: 2way_asset-management_trustees-traditional_bvn_overlap.png
2025-02-12 23:34:38,158 - INFO - Saved Venn diagram: 2way_registrars_securities_bvn_overlap.png
2025-02-12 23:34:38,391 - INFO - Saved Venn diagram: 2way_registrars_trustees-digital_bvn_overlap.png
2025-02-12 23:34:38,566 - INFO - Saved Venn diagram: 2way_registrars_trustees-traditional_bvn_overlap.png
2025-02-12 23:34:38,849 - INFO - Saved Venn diagram: 2way_securities_trustees-digital_bvn_overlap.png
2025-02-12 23:34:39,023 - INFO - Saved Venn diagram: 2way_securities_trustees-traditional_bvn_overlap.png
2025-02-12 23:34:39,165 - INFO - Saved Venn diagram: 2way_trustees-digital_trustees-traditional_bvn_overlap.png
2025-02-12 23:34:39,165 - INFO - Generating 3-way Venn diagrams
2025-02-12 23:34:39,356 - INFO - Saved Venn diagram: 3way_asset-management_registrars_securities_bvn_overlap.png
2025-02-12 23:34:39,631 - INFO - Saved Venn diagram: 3way_asset-management_registrars_trustees-digital_bvn_overlap.png
2025-02-12 23:34:39,824 - INFO - Saved Venn diagram: 3way_asset-management_registrars_trustees-traditional_bvn_overlap.png
2025-02-12 23:34:40,023 - INFO - Saved Venn diagram: 3way_asset-management_securities_trustees-digital_bvn_overlap.png
2025-02-12 23:34:40,210 - INFO - Saved Venn diagram: 3way_asset-management_securities_trustees-traditional_bvn_overlap.png
2025-02-12 23:34:40,348 - INFO - Saved Venn diagram: 3way_asset-management_trustees-digital_trustees-traditional_bvn_overlap.png
2025-02-12 23:34:40,479 - INFO - Saved Venn diagram: 3way_registrars_securities_trustees-digital_bvn_overlap.png
2025-02-12 23:34:40,609 - INFO - Saved Venn diagram: 3way_registrars_securities_trustees-traditional_bvn_overlap.png
2025-02-12 23:34:40,874 - INFO - Saved Venn diagram: 3way_registrars_trustees-digital_trustees-traditional_bvn_overlap.png
2025-02-12 23:34:41,078 - INFO - Saved Venn diagram: 3way_securities_trustees-digital_trustees-traditional_bvn_overlap.png
2025-02-12 23:34:43,073 - INFO - Excel report saved: bvn_analysis_report.xlsx
2025-02-12 23:34:43,073 - INFO - Analysis completed successfully
2025-02-12 23:57:48,487 - INFO - Starting analysis for: bvn_comparison.csv
2025-02-12 23:57:48,890 - ERROR - Error generating reports: 'Entity Count'
2025-02-12 23:59:25,003 - INFO - Starting analysis for: bvn_comparison.csv
2025-02-12 23:59:25,617 - ERROR - Error generating reports: 'Entity Count'
2025-02-13 00:00:47,147 - INFO - Starting analysis for: bvn_comparison.csv
2025-02-13 00:00:49,103 - INFO - Excel report saved: bvn_analysis_report.xlsx
2025-02-13 00:00:49,103 - INFO - Analysis completed successfully
